# JRE version: Java(TM) SE Runtime Environment 18.9 (11.0.17+10) (build 11.0.17+10-LTS-269)
# Java VM: Java HotSpot(TM) 64-Bit Server VM 18.9 (11.0.17+10-LTS-269, mixed mode, tiered, compressed oops, g1 gc, linux-amd64)
Heap:
 garbage-first heap   total 380928K, used 98607K [0x000000068d400000, 0x0000000800000000)
  region size 1024K, 64 young (65536K), 6 survivors (6144K)
 Metaspace       used 36017K, capacity 37084K, committed 37328K, reserved 1081344K
  class space    used 4494K, capacity 4976K, committed 4992K, reserved 1048576K
GC Heap History (9 events):
Event: 0.423 GC heap before
{Heap before GC invocations=0 (full 0):
 garbage-first heap   total 380928K, used 24576K [0x000000068d400000, 0x0000000800000000)
  region size 1024K, 24 young (24576K), 0 survivors (0K)
 Metaspace       used 11131K, capacity 11466K, committed 11648K, reserved 1058816K
  class space    used 1172K, capacity 1334K, committed 1408K, reserved 1048576K
}
Event: 0.433 GC heap after
{Heap after GC invocations=1 (full 0):
 garbage-first heap   total 380928K, used 5771K [0x000000068d400000, 0x0000000800000000)
  region size 1024K, 3 young (3072K), 3 survivors (3072K)
 Metaspace       used 11131K, capacity 11466K, committed 11648K, reserved 1058816K
  class space    used 1172K, capacity 1334K, committed 1408K, reserved 1048576K
}
Event: 0.878 GC heap before
{Heap before GC invocations=1 (full 0):
 garbage-first heap   total 380928K, used 41611K [0x000000068d400000, 0x0000000800000000)
  region size 1024K, 33 young (33792K), 3 survivors (3072K)
 Metaspace       used 20528K, capacity 21108K, committed 21296K, reserved 1069056K
  class space    used 2357K, capacity 2617K, committed 2688K, reserved 1048576K
}
Event: 0.887 GC heap after
{Heap after GC invocations=2 (full 0):
 garbage-first heap   total 380928K, used 18611K [0x000000068d400000, 0x0000000800000000)
  region size 1024K, 9 young (9216K), 9 survivors (9216K)
 Metaspace       used 20528K, capacity 21108K, committed 21296K, reserved 1069056K
  class space    used 2357K, capacity 2617K, committed 2688K, reserved 1048576K
}
Event: 1.376 GC heap before
{Heap before GC invocations=3 (full 0):
 garbage-first heap   total 380928K, used 52403K [0x000000068d400000, 0x0000000800000000)
  region size 1024K, 43 young (44032K), 9 survivors (9216K)
 Metaspace       used 32128K, capacity 33065K, committed 33200K, reserved 1077248K
  class space    used 4109K, capacity 4523K, committed 4608K, reserved 1048576K
}
Event: 1.383 GC heap after
{Heap after GC invocations=4 (full 0):
 garbage-first heap   total 380928K, used 25036K [0x000000068d400000, 0x0000000800000000)
  region size 1024K, 6 young (6144K), 6 survivors (6144K)
 Metaspace       used 32128K, capacity 33065K, committed 33200K, reserved 1077248K
  class space    used 4109K, capacity 4523K, committed 4608K, reserved 1048576K
}
Event: 3.170 GC heap before
{Heap before GC invocations=4 (full 0):
 garbage-first heap   total 380928K, used 42444K [0x000000068d400000, 0x0000000800000000)
  region size 1024K, 17 young (17408K), 6 survivors (6144K)
 Metaspace       used 34780K, capacity 35688K, committed 35920K, reserved 1081344K
  class space    used 4323K, capacity 4754K, committed 4864K, reserved 1048576K
}
Event: 3.178 GC heap after
{Heap after GC invocations=5 (full 0):
 garbage-first heap   total 380928K, used 32047K [0x000000068d400000, 0x0000000800000000)
  region size 1024K, 3 young (3072K), 3 survivors (3072K)
 Metaspace       used 34780K, capacity 35688K, committed 35920K, reserved 1081344K
  class space    used 4323K, capacity 4754K, committed 4864K, reserved 1048576K
}
Event: 55.440 GC heap before
{Heap before GC invocations=6 (full 0):
 garbage-first heap   total 380928K, used 97583K [0x000000068d400000, 0x0000000800000000)
  region size 1024K, 61 young (62464K), 3 survivors (3072K)
 Metaspace       used 36017K, capacity 37084K, committed 37328K, reserved 1081344K
  class space    used 4494K, capacity 4976K, committed 4992K, reserved 1048576K
}

